This is pdfTeX, Version 3.14159265-2.6-1.40.21 (TeX Live 2020/W32TeX) (preloaded format=pdflatex 2020.11.16)  10 OCT 2021 11:29
entering extended mode
 restricted \write18 enabled.
 file:line:error style messages enabled.
 %&-line parsing enabled.
**"Data Description and Network Construction.tex"
(./Data Description and Network Construction.tex
LaTeX2e <2020-02-02> patch level 5
L3 programming layer <2020-03-06>
./Data Description and Network Construction.tex:4: Undefined control sequence.
l.4 \part
         {æ•°æ®ä»‹ç»ä¸åŠ¨æ€ç½‘ç»œæ„å»º}
The control sequence at the end of the top line
of your error message was never \def'ed. If you have
misspelled it (e.g., `\hobx'), type `I' and the correct
spelling (e.g., `I\hbox'). Otherwise just continue,
and I'll forget about whatever was undefined.


./Data Description and Network Construction.tex:4: Package inputenc Error: Unic
ode character æ•° (U+6570)
(inputenc)                not set up for use with LaTeX.

See the inputenc package documentation for explanation.
Type  H <return>  for immediate help.
 ...                                              
                                                  
l.4 \part{æ•°
             æ®ä»‹ç»ä¸åŠ¨æ€ç½‘ç»œæ„å»º}
You may provide a definition with
\DeclareUnicodeCharacter 


./Data Description and Network Construction.tex:4: Package inputenc Error: Unic
ode character æ® (U+636E)
(inputenc)                not set up for use with LaTeX.

See the inputenc package documentation for explanation.
Type  H <return>  for immediate help.
 ...                                              
                                                  
l.4 \part{æ•°æ®
                ä»‹ç»ä¸åŠ¨æ€ç½‘ç»œæ„å»º}
You may provide a definition with
\DeclareUnicodeCharacter 


./Data Description and Network Construction.tex:4: Package inputenc Error: Unic
ode character ä»‹ (U+4ECB)
(inputenc)                not set up for use with LaTeX.

See the inputenc package documentation for explanation.
Type  H <return>  for immediate help.
 ...                                              
                                                  
l.4 \part{æ•°æ®ä»‹
                   ç»ä¸åŠ¨æ€ç½‘ç»œæ„å»º}
You may provide a definition with
\DeclareUnicodeCharacter 


./Data Description and Network Construction.tex:4: Package inputenc Error: Unic
ode character ç» (U+7ECD)
(inputenc)                not set up for use with LaTeX.

See the inputenc package documentation for explanation.
Type  H <return>  for immediate help.
 ...                                              
                                                  
l.4 \part{æ•°æ®ä»‹ç»
                      ä¸åŠ¨æ€ç½‘ç»œæ„å»º}
You may provide a definition with
\DeclareUnicodeCharacter 


./Data Description and Network Construction.tex:4: Package inputenc Error: Unic
ode character ä¸ (U+4E0E)
(inputenc)                not set up for use with LaTeX.

See the inputenc package documentation for explanation.
Type  H <return>  for immediate help.
 ...                                              
                                                  
l.4 \part{æ•°æ®ä»‹ç»ä¸
                         åŠ¨æ€ç½‘ç»œæ„å»º}
You may provide a definition with
\DeclareUnicodeCharacter 


./Data Description and Network Construction.tex:4: Package inputenc Error: Unic
ode character åŠ¨ (U+52A8)
(inputenc)                not set up for use with LaTeX.

See the inputenc package documentation for explanation.
Type  H <return>  for immediate help.
 ...                                              
                                                  
l.4 \part{æ•°æ®ä»‹ç»ä¸åŠ¨
                            æ€ç½‘ç»œæ„å»º}
You may provide a definition with
\DeclareUnicodeCharacter 


./Data Description and Network Construction.tex:4: Package inputenc Error: Unic
ode character æ€ (U+6001)
(inputenc)                not set up for use with LaTeX.

See the inputenc package documentation for explanation.
Type  H <return>  for immediate help.
 ...                                              
                                                  
l.4 \part{æ•°æ®ä»‹ç»ä¸åŠ¨æ€
                               ç½‘ç»œæ„å»º}
You may provide a definition with
\DeclareUnicodeCharacter 


./Data Description and Network Construction.tex:4: Package inputenc Error: Unic
ode character ç½‘ (U+7F51)
(inputenc)                not set up for use with LaTeX.

See the inputenc package documentation for explanation.
Type  H <return>  for immediate help.
 ...                                              
                                                  
l.4 \part{æ•°æ®ä»‹ç»ä¸åŠ¨æ€ç½‘
                                  ç»œæ„å»º}
You may provide a definition with
\DeclareUnicodeCharacter 


./Data Description and Network Construction.tex:4: Package inputenc Error: Unic
ode character ç»œ (U+7EDC)
(inputenc)                not set up for use with LaTeX.

See the inputenc package documentation for explanation.
Type  H <return>  for immediate help.
 ...                                              
                                                  
l.4 \part{æ•°æ®ä»‹ç»ä¸åŠ¨æ€ç½‘ç»œ
                                     æ„å»º}
You may provide a definition with
\DeclareUnicodeCharacter 


./Data Description and Network Construction.tex:4: Package inputenc Error: Unic
ode character æ„ (U+6784)
(inputenc)                not set up for use with LaTeX.

See the inputenc package documentation for explanation.
Type  H <return>  for immediate help.
 ...                                              
                                                  
l.4 \part{æ•°æ®ä»‹ç»ä¸åŠ¨æ€ç½‘ç»œæ„
                                        å»º}
You may provide a definition with
\DeclareUnicodeCharacter 


./Data Description and Network Construction.tex:4: Package inputenc Error: Unic
ode character å»º (U+5EFA)
(inputenc)                not set up for use with LaTeX.

See the inputenc package documentation for explanation.
Type  H <return>  for immediate help.
 ...                                              
                                                  
l.4 \part{æ•°æ®ä»‹ç»ä¸åŠ¨æ€ç½‘ç»œæ„å»º
                                           }
You may provide a definition with
\DeclareUnicodeCharacter 

./Data Description and Network Construction.tex:5: Undefined control sequence.
l.5     \chapter
                {æ•°æ®ä»‹ç»}
The control sequence at the end of the top line
of your error message was never \def'ed. If you have
misspelled it (e.g., `\hobx'), type `I' and the correct
spelling (e.g., `I\hbox'). Otherwise just continue,
and I'll forget about whatever was undefined.


./Data Description and Network Construction.tex:5: Package inputenc Error: Unic
ode character æ•° (U+6570)
(inputenc)                not set up for use with LaTeX.

See the inputenc package documentation for explanation.
Type  H <return>  for immediate help.
 ...                                              
                                                  
l.5     \chapter{æ•°
                    æ®ä»‹ç»}
You may provide a definition with
\DeclareUnicodeCharacter 


./Data Description and Network Construction.tex:5: Package inputenc Error: Unic
ode character æ® (U+636E)
(inputenc)                not set up for use with LaTeX.

See the inputenc package documentation for explanation.
Type  H <return>  for immediate help.
 ...                                              
                                                  
l.5     \chapter{æ•°æ®
                       ä»‹ç»}
You may provide a definition with
\DeclareUnicodeCharacter 


./Data Description and Network Construction.tex:5: Package inputenc Error: Unic
ode character ä»‹ (U+4ECB)
(inputenc)                not set up for use with LaTeX.

See the inputenc package documentation for explanation.
Type  H <return>  for immediate help.
 ...                                              
                                                  
l.5     \chapter{æ•°æ®ä»‹
                          ç»}
You may provide a definition with
\DeclareUnicodeCharacter 


./Data Description and Network Construction.tex:5: Package inputenc Error: Unic
ode character ç» (U+7ECD)
(inputenc)                not set up for use with LaTeX.

See the inputenc package documentation for explanation.
Type  H <return>  for immediate help.
 ...                                              
                                                  
l.5     \chapter{æ•°æ®ä»‹ç»
                             }
You may provide a definition with
\DeclareUnicodeCharacter 

./Data Description and Network Construction.tex:6: Undefined control sequence.
l.6         \section
                    {Gowalla Data}
The control sequence at the end of the top line
of your error message was never \def'ed. If you have
misspelled it (e.g., `\hobx'), type `I' and the correct
spelling (e.g., `I\hbox'). Otherwise just continue,
and I'll forget about whatever was undefined.


./Data Description and Network Construction.tex:6: LaTeX Error: Missing \begin{
document}.

See the LaTeX manual or LaTeX Companion for explanation.
Type  H <return>  for immediate help.
 ...                                              
                                                  
l.6         \section{G
                      owalla Data}
You're in trouble here.  Try typing  <return>  to proceed.
If that doesn't work, type  X <return>  to quit.

Missing character: There is no G in font nullfont!
Missing character: There is no o in font nullfont!
Missing character: There is no w in font nullfont!
Missing character: There is no a in font nullfont!
Missing character: There is no l in font nullfont!
Missing character: There is no l in font nullfont!
Missing character: There is no a in font nullfont!
Missing character: There is no D in font nullfont!
Missing character: There is no a in font nullfont!
Missing character: There is no t in font nullfont!
Missing character: There is no a in font nullfont!
./Data Description and Network Construction.tex:7: Undefined control sequence.
l.7         \section
                    {Foursquare\_small Data}
The control sequence at the end of the top line
of your error message was never \def'ed. If you have
misspelled it (e.g., `\hobx'), type `I' and the correct
spelling (e.g., `I\hbox'). Otherwise just continue,
and I'll forget about whatever was undefined.

Missing character: There is no F in font nullfont!
Missing character: There is no o in font nullfont!
Missing character: There is no u in font nullfont!
Missing character: There is no r in font nullfont!
Missing character: There is no s in font nullfont!
Missing character: There is no q in font nullfont!
Missing character: There is no u in font nullfont!
Missing character: There is no a in font nullfont!
Missing character: There is no r in font nullfont!
Missing character: There is no e in font nullfont!
Missing character: There is no s in font nullfont!
Missing character: There is no m in font nullfont!
Missing character: There is no a in font nullfont!
Missing character: There is no l in font nullfont!
Missing character: There is no l in font nullfont!
Missing character: There is no D in font nullfont!
Missing character: There is no a in font nullfont!
Missing character: There is no t in font nullfont!
Missing character: There is no a in font nullfont!

./Data Description and Network Construction.tex:8: Package inputenc Error: Unic
ode character è¯¥ (U+8BE5)
(inputenc)                not set up for use with LaTeX.

See the inputenc package documentation for explanation.
Type  H <return>  for immediate help.
 ...                                              
                                                  
l.8         è¯¥
               æ•°æ®é›†åŒ…æ‹¬2012å¹´4æœˆ12æ—¥è‡³2013å¹´2æœˆ16æ—¥ä»Foursqua...

You may provide a definition with
\DeclareUnicodeCharacter 


./Data Description and Network Construction.tex:8: Package inputenc Error: Unic
ode character æ•° (U+6570)
(inputenc)                not set up for use with LaTeX.

See the inputenc package documentation for explanation.
Type  H <return>  for immediate help.
 ...                                              
                                                  
l.8         è¯¥æ•°
                  æ®é›†åŒ…æ‹¬2012å¹´4æœˆ12æ—¥è‡³2013å¹´2æœˆ16æ—¥ä»Foursqua...

You may provide a definition with
\DeclareUnicodeCharacter 


./Data Description and Network Construction.tex:8: Package inputenc Error: Unic
ode character æ® (U+636E)
(inputenc)                not set up for use with LaTeX.

See the inputenc package documentation for explanation.
Type  H <return>  for immediate help.
 ...                                              
                                                  
l.8         è¯¥æ•°æ®
                     é›†åŒ…æ‹¬2012å¹´4æœˆ12æ—¥è‡³2013å¹´2æœˆ16æ—¥ä»Foursqua...

You may provide a definition with
\DeclareUnicodeCharacter 


./Data Description and Network Construction.tex:8: Package inputenc Error: Unic
ode character é›† (U+96C6)
(inputenc)                not set up for use with LaTeX.

See the inputenc package documentation for explanation.
Type  H <return>  for immediate help.
 ...                                              
                                                  
l.8         è¯¥æ•°æ®é›†
                        åŒ…æ‹¬2012å¹´4æœˆ12æ—¥è‡³2013å¹´2æœˆ16æ—¥ä»Foursqua...

You may provide a definition with
\DeclareUnicodeCharacter 


./Data Description and Network Construction.tex:8: Package inputenc Error: Unic
ode character åŒ… (U+5305)
(inputenc)                not set up for use with LaTeX.

See the inputenc package documentation for explanation.
Type  H <return>  for immediate help.
 ...                                              
                                                  
l.8         è¯¥æ•°æ®é›†åŒ…
                           æ‹¬2012å¹´4æœˆ12æ—¥è‡³2013å¹´2æœˆ16æ—¥ä»Foursqua...

You may provide a definition with
\DeclareUnicodeCharacter 


./Data Description and Network Construction.tex:8: Package inputenc Error: Unic
ode character æ‹¬ (U+62EC)
(inputenc)                not set up for use with LaTeX.

See the inputenc package documentation for explanation.
Type  H <return>  for immediate help.
 ...                                              
                                                  
l.8         è¯¥æ•°æ®é›†åŒ…æ‹¬
                              2012å¹´4æœˆ12æ—¥è‡³2013å¹´2æœˆ16æ—¥ä»Foursqua...

You may provide a definition with
\DeclareUnicodeCharacter 

Missing character: There is no 2 in font nullfont!
Missing character: There is no 0 in font nullfont!
Missing character: There is no 1 in font nullfont!
Missing character: There is no 2 in font nullfont!

./Data Description and Network Construction.tex:8: Package inputenc Error: Unic
ode character å¹´ (U+5E74)
(inputenc)                not set up for use with LaTeX.

See the inputenc package documentation for explanation.
Type  H <return>  for immediate help.
 ...                                              
                                                  
l.8         è¯¥æ•°æ®é›†åŒ…æ‹¬2012å¹´
                                     4æœˆ12æ—¥è‡³2013å¹´2æœˆ16æ—¥ä»Foursqua...

You may provide a definition with
\DeclareUnicodeCharacter 

Missing character: There is no 4 in font nullfont!

./Data Description and Network Construction.tex:8: Package inputenc Error: Unic
ode character æœˆ (U+6708)
(inputenc)                not set up for use with LaTeX.

See the inputenc package documentation for explanation.
Type  H <return>  for immediate help.
 ...                                              
                                                  
l.8         è¯¥æ•°æ®é›†åŒ…æ‹¬2012å¹´4æœˆ
                                         12æ—¥è‡³2013å¹´2æœˆ16æ—¥ä»Foursqua...

You may provide a definition with
\DeclareUnicodeCharacter 

Missing character: There is no 1 in font nullfont!
Missing character: There is no 2 in font nullfont!

./Data Description and Network Construction.tex:8: Package inputenc Error: Unic
ode character æ—¥ (U+65E5)
(inputenc)                not set up for use with LaTeX.

See the inputenc package documentation for explanation.
Type  H <return>  for immediate help.
 ...                                              
                                                  
l.8         è¯¥æ•°æ®é›†åŒ…æ‹¬2012å¹´4æœˆ12æ—¥
                                              è‡³2013å¹´2æœˆ16æ—¥ä»Foursqua...

You may provide a definition with
\DeclareUnicodeCharacter 


./Data Description and Network Construction.tex:8: Package inputenc Error: Unic
ode character è‡³ (U+81F3)
(inputenc)                not set up for use with LaTeX.

See the inputenc package documentation for explanation.
Type  H <return>  for immediate help.
 ...                                              
                                                  
l.8         è¯¥æ•°æ®é›†åŒ…æ‹¬2012å¹´4æœˆ12æ—¥è‡³
                                                 2013å¹´2æœˆ16æ—¥ä»Foursqua...

You may provide a definition with
\DeclareUnicodeCharacter 

Missing character: There is no 2 in font nullfont!
Missing character: There is no 0 in font nullfont!
Missing character: There is no 1 in font nullfont!
Missing character: There is no 3 in font nullfont!

./Data Description and Network Construction.tex:8: Package inputenc Error: Unic
ode character å¹´ (U+5E74)
(inputenc)                not set up for use with LaTeX.

See the inputenc package documentation for explanation.
Type  H <return>  for immediate help.
 ...                                              
                                                  
l.8 ...¯¥æ•°æ®é›†åŒ…æ‹¬2012å¹´4æœˆ12æ—¥è‡³2013å¹´
                                                  2æœˆ16æ—¥ä»Foursquareæ”¶é...

You may provide a definition with
\DeclareUnicodeCharacter 

Missing character: There is no 2 in font nullfont!

./Data Description and Network Construction.tex:8: Package inputenc Error: Unic
ode character æœˆ (U+6708)
(inputenc)                not set up for use with LaTeX.

See the inputenc package documentation for explanation.
Type  H <return>  for immediate help.
 ...                                              
                                                  
l.8 ...°æ®é›†åŒ…æ‹¬2012å¹´4æœˆ12æ—¥è‡³2013å¹´2æœˆ
                                                  16æ—¥ä»Foursquareæ”¶é›†çš...

You may provide a definition with
\DeclareUnicodeCharacter 

Missing character: There is no 1 in font nullfont!
Missing character: There is no 6 in font nullfont!

./Data Description and Network Construction.tex:8: Package inputenc Error: Unic
ode character æ—¥ (U+65E5)
(inputenc)                not set up for use with LaTeX.

See the inputenc package documentation for explanation.
Type  H <return>  for immediate help.
 ...                                              
                                                  
l.8 ...›†åŒ…æ‹¬2012å¹´4æœˆ12æ—¥è‡³2013å¹´2æœˆ16æ—¥
                                                  ä»Foursquareæ”¶é›†çš„çº½ç...

You may provide a definition with
\DeclareUnicodeCharacter 


./Data Description and Network Construction.tex:8: Package inputenc Error: Unic
ode character ä» (U+4ECE)
(inputenc)                not set up for use with LaTeX.

See the inputenc package documentation for explanation.
Type  H <return>  for immediate help.
 ...                                              
                                                  
l.8 ...Œ…æ‹¬2012å¹´4æœˆ12æ—¥è‡³2013å¹´2æœˆ16æ—¥ä»
                                                  Foursquareæ”¶é›†çš„çº½çº¦å...

You may provide a definition with
\DeclareUnicodeCharacter 

Missing character: There is no F in font nullfont!
Missing character: There is no o in font nullfont!
Missing character: There is no u in font nullfont!
Missing character: There is no r in font nullfont!
Missing character: There is no s in font nullfont!
Missing character: There is no q in font nullfont!
Missing character: There is no u in font nullfont!
Missing character: There is no a in font nullfont!
Missing character: There is no r in font nullfont!
Missing character: There is no e in font nullfont!

./Data Description and Network Construction.tex:8: Package inputenc Error: Unic
ode character æ”¶ (U+6536)
(inputenc)                not set up for use with LaTeX.

See the inputenc package documentation for explanation.
Type  H <return>  for immediate help.
 ...                                              
                                                  
l.8 ...æœˆ12æ—¥è‡³2013å¹´2æœˆ16æ—¥ä»Foursquareæ”¶
                                                  é›†çš„çº½çº¦å¸‚å’Œä¸œäº¬çš...

You may provide a definition with
\DeclareUnicodeCharacter 


./Data Description and Network Construction.tex:8: Package inputenc Error: Unic
ode character é›† (U+96C6)
(inputenc)                not set up for use with LaTeX.

See the inputenc package documentation for explanation.
Type  H <return>  for immediate help.
 ...                                              
                                                  
l.8 ...12æ—¥è‡³2013å¹´2æœˆ16æ—¥ä»Foursquareæ”¶é›†
                                                  çš„çº½çº¦å¸‚å’Œä¸œäº¬çš„é•...

You may provide a definition with
\DeclareUnicodeCharacter 


./Data Description and Network Construction.tex:8: Package inputenc Error: Unic
ode character çš„ (U+7684)
(inputenc)                not set up for use with LaTeX.

See the inputenc package documentation for explanation.
Type  H <return>  for immediate help.
 ...                                              
                                                  
l.8 ...—¥è‡³2013å¹´2æœˆ16æ—¥ä»Foursquareæ”¶é›†çš„
                                                  çº½çº¦å¸‚å’Œä¸œäº¬çš„é•¿æœ...

You may provide a definition with
\DeclareUnicodeCharacter 


./Data Description and Network Construction.tex:8: Package inputenc Error: Unic
ode character çº½ (U+7EBD)
(inputenc)                not set up for use with LaTeX.

See the inputenc package documentation for explanation.
Type  H <return>  for immediate help.
 ...                                              
                                                  
l.8 ...‡³2013å¹´2æœˆ16æ—¥ä»Foursquareæ”¶é›†çš„çº½
                                                  çº¦å¸‚å’Œä¸œäº¬çš„é•¿æœŸï¼...

You may provide a definition with
\DeclareUnicodeCharacter 


./Data Description and Network Construction.tex:8: Package inputenc Error: Unic
ode character çº¦ (U+7EA6)
(inputenc)                not set up for use with LaTeX.

See the inputenc package documentation for explanation.
Type  H <return>  for immediate help.
 ...                                              
                                                  
l.8 ...013å¹´2æœˆ16æ—¥ä»Foursquareæ”¶é›†çš„çº½çº¦
                                                  å¸‚å’Œä¸œäº¬çš„é•¿æœŸï¼ˆçº...

You may provide a definition with
\DeclareUnicodeCharacter 


./Data Description and Network Construction.tex:8: Package inputenc Error: Unic
ode character å¸‚ (U+5E02)
(inputenc)                not set up for use with LaTeX.

See the inputenc package documentation for explanation.
Type  H <return>  for immediate help.
 ...                                              
                                                  
l.8 ...å¹´2æœˆ16æ—¥ä»Foursquareæ”¶é›†çš„çº½çº¦å¸‚
                                                  å’Œä¸œäº¬çš„é•¿æœŸï¼ˆçº¦10...

You may provide a definition with
\DeclareUnicodeCharacter 


./Data Description and Network Construction.tex:8: Package inputenc Error: Unic
ode character å’Œ (U+548C)
(inputenc)                not set up for use with LaTeX.

See the inputenc package documentation for explanation.
Type  H <return>  for immediate help.
 ...                                              
                                                  
l.8 ...2æœˆ16æ—¥ä»Foursquareæ”¶é›†çš„çº½çº¦å¸‚å’Œ
                                                  ä¸œäº¬çš„é•¿æœŸï¼ˆçº¦10ä¸ª...

You may provide a definition with
\DeclareUnicodeCharacter 


./Data Description and Network Construction.tex:8: Package inputenc Error: Unic
ode character ä¸œ (U+4E1C)
(inputenc)                not set up for use with LaTeX.

See the inputenc package documentation for explanation.
Type  H <return>  for immediate help.
 ...                                              
                                                  
l.8 ...ˆ16æ—¥ä»Foursquareæ”¶é›†çš„çº½çº¦å¸‚å’Œä¸œ
                                                  äº¬çš„é•¿æœŸï¼ˆçº¦10ä¸ªæœˆ...

You may provide a definition with
\DeclareUnicodeCharacter 


./Data Description and Network Construction.tex:8: Package inputenc Error: Unic
ode character äº¬ (U+4EAC)
(inputenc)                not set up for use with LaTeX.

See the inputenc package documentation for explanation.
Type  H <return>  for immediate help.
 ...                                              
                                                  
l.8 ...æ—¥ä»Foursquareæ”¶é›†çš„çº½çº¦å¸‚å’Œä¸œäº¬
                                                  çš„é•¿æœŸï¼ˆçº¦10ä¸ªæœˆï¼‰...

You may provide a definition with
\DeclareUnicodeCharacter 


./Data Description and Network Construction.tex:8: Package inputenc Error: Unic
ode character çš„ (U+7684)
(inputenc)                not set up for use with LaTeX.

See the inputenc package documentation for explanation.
Type  H <return>  for immediate help.
 ...                                              
                                                  
l.8 ...ä»Foursquareæ”¶é›†çš„çº½çº¦å¸‚å’Œä¸œäº¬çš„
                                                  é•¿æœŸï¼ˆçº¦10ä¸ªæœˆï¼‰å…¥...

You may provide a definition with
\DeclareUnicodeCharacter 


./Data Description and Network Construction.tex:8: Package inputenc Error: Unic
ode character é•¿ (U+957F)
(inputenc)                not set up for use with LaTeX.

See the inputenc package documentation for explanation.
Type  H <return>  for immediate help.
 ...                                              
                                                  
l.8 ...Foursquareæ”¶é›†çš„çº½çº¦å¸‚å’Œä¸œäº¬çš„é•¿
                                                  æœŸï¼ˆçº¦10ä¸ªæœˆï¼‰å…¥ä½...

You may provide a definition with
\DeclareUnicodeCharacter 


./Data Description and Network Construction.tex:8: Package inputenc Error: Unic
ode character æœŸ (U+671F)
(inputenc)                not set up for use with LaTeX.

See the inputenc package documentation for explanation.
Type  H <return>  for immediate help.
 ...                                              
                                                  
l.8 ...rsquareæ”¶é›†çš„çº½çº¦å¸‚å’Œä¸œäº¬çš„é•¿æœŸ
                                                  ï¼ˆçº¦10ä¸ªæœˆï¼‰å…¥ä½æ•°...

You may provide a definition with
\DeclareUnicodeCharacter 


./Data Description and Network Construction.tex:8: Package inputenc Error: Unic
ode character ï¼ˆ (U+FF08)
(inputenc)                not set up for use with LaTeX.

See the inputenc package documentation for explanation.
Type  H <return>  for immediate help.
 ...                                              
                                                  
l.8 ...uareæ”¶é›†çš„çº½çº¦å¸‚å’Œä¸œäº¬çš„é•¿æœŸï¼ˆ
                                                  çº¦10ä¸ªæœˆï¼‰å…¥ä½æ•°æ®ã€‚

You may provide a definition with
\DeclareUnicodeCharacter 


./Data Description and Network Construction.tex:8: Package inputenc Error: Unic
ode character çº¦ (U+7EA6)
(inputenc)                not set up for use with LaTeX.

See the inputenc package documentation for explanation.
Type  H <return>  for immediate help.
 ...                                              
                                                  
l.8 ...eæ”¶é›†çš„çº½çº¦å¸‚å’Œä¸œäº¬çš„é•¿æœŸï¼ˆçº¦
                                                  10ä¸ªæœˆï¼‰å…¥ä½æ•°æ®ã€‚
You may provide a definition with
\DeclareUnicodeCharacter 

Missing character: There is no 1 in font nullfont!
Missing character: There is no 0 in font nullfont!

./Data Description and Network Construction.tex:8: Package inputenc Error: Unic
ode character ä¸ª (U+4E2A)
(inputenc)                not set up for use with LaTeX.

See the inputenc package documentation for explanation.
Type  H <return>  for immediate help.
 ...                                              
                                                  
l.8 ...›†çš„çº½çº¦å¸‚å’Œä¸œäº¬çš„é•¿æœŸï¼ˆçº¦10ä¸ª
                                                  æœˆï¼‰å…¥ä½æ•°æ®ã€‚
You may provide a definition with
\DeclareUnicodeCharacter 


./Data Description and Network Construction.tex:8: Package inputenc Error: Unic
ode character æœˆ (U+6708)
(inputenc)                not set up for use with LaTeX.

See the inputenc package documentation for explanation.
Type  H <return>  for immediate help.
 ...                                              
                                                  
l.8 ...š„çº½çº¦å¸‚å’Œä¸œäº¬çš„é•¿æœŸï¼ˆçº¦10ä¸ªæœˆ
                                                  ï¼‰å…¥ä½æ•°æ®ã€‚
You may provide a definition with
\DeclareUnicodeCharacter 


./Data Description and Network Construction.tex:8: Package inputenc Error: Unic
ode character ï¼‰ (U+FF09)
(inputenc)                not set up for use with LaTeX.

See the inputenc package documentation for explanation.
Type  H <return>  for immediate help.
 ...                                              
                                                  
l.8 ...º½çº¦å¸‚å’Œä¸œäº¬çš„é•¿æœŸï¼ˆçº¦10ä¸ªæœˆï¼‰
                                                  å…¥ä½æ•°æ®ã€‚
You may provide a definition with
\DeclareUnicodeCharacter 


./Data Description and Network Construction.tex:8: Package inputenc Error: Unic
ode character å…¥ (U+5165)
(inputenc)                not set up for use with LaTeX.

See the inputenc package documentation for explanation.
Type  H <return>  for immediate help.
 ...                                              
                                                  
l.8 ...º¦å¸‚å’Œä¸œäº¬çš„é•¿æœŸï¼ˆçº¦10ä¸ªæœˆï¼‰å…¥
                                                  ä½æ•°æ®ã€‚
You may provide a definition with
\DeclareUnicodeCharacter 


./Data Description and Network Construction.tex:8: Package inputenc Error: Unic
ode character ä½ (U+4F4F)
(inputenc)                not set up for use with LaTeX.

See the inputenc package documentation for explanation.
Type  H <return>  for immediate help.
 ...                                              
                                                  
l.8 ...¸‚å’Œä¸œäº¬çš„é•¿æœŸï¼ˆçº¦10ä¸ªæœˆï¼‰å…¥ä½
                                                  æ•°æ®ã€‚
You may provide a definition with
\DeclareUnicodeCharacter 


./Data Description and Network Construction.tex:8: Package inputenc Error: Unic
ode character æ•° (U+6570)
(inputenc)                not set up for use with LaTeX.

See the inputenc package documentation for explanation.
Type  H <return>  for immediate help.
 ...                                              
                                                  
l.8 ...’Œä¸œäº¬çš„é•¿æœŸï¼ˆçº¦10ä¸ªæœˆï¼‰å…¥ä½æ•°
                                                  æ®ã€‚
You may provide a definition with
\DeclareUnicodeCharacter 


./Data Description and Network Construction.tex:8: Package inputenc Error: Unic
ode character æ® (U+636E)
(inputenc)                not set up for use with LaTeX.

See the inputenc package documentation for explanation.
Type  H <return>  for immediate help.
 ...                                              
                                                  
l.8 ...¸œäº¬çš„é•¿æœŸï¼ˆçº¦10ä¸ªæœˆï¼‰å…¥ä½æ•°æ®
                                                  ã€‚
You may provide a definition with
\DeclareUnicodeCharacter 


./Data Description and Network Construction.tex:8: Package inputenc Error: Unic
ode character ã€‚ (U+3002)
(inputenc)                not set up for use with LaTeX.

See the inputenc package documentation for explanation.
Type  H <return>  for immediate help.
 ...                                              
                                                  
l.8 ...º¬çš„é•¿æœŸï¼ˆçº¦10ä¸ªæœˆï¼‰å…¥ä½æ•°æ®ã€‚
                                                  
You may provide a definition with
\DeclareUnicodeCharacter 


./Data Description and Network Construction.tex:9: Package inputenc Error: Unic
ode character å…¶ (U+5176)
(inputenc)                not set up for use with LaTeX.

See the inputenc package documentation for explanation.
Type  H <return>  for immediate help.
 ...                                              
                                                  
l.9             å…¶
                   ä¸­æ–‡ä»¶åä¸ºdataset\_TSMC2014\_NYC.txtæ˜¯çº½çº¦å¸‚çš„ç...

You may provide a definition with
\DeclareUnicodeCharacter 


./Data Description and Network Construction.tex:9: Package inputenc Error: Unic
ode character ä¸­ (U+4E2D)
(inputenc)                not set up for use with LaTeX.

See the inputenc package documentation for explanation.
Type  H <return>  for immediate help.
 ...                                              
                                                  
l.9             å…¶ä¸­
                      æ–‡ä»¶åä¸ºdataset\_TSMC2014\_NYC.txtæ˜¯çº½çº¦å¸‚çš„ç...

You may provide a definition with
\DeclareUnicodeCharacter 


./Data Description and Network Construction.tex:9: Package inputenc Error: Unic
ode character æ–‡ (U+6587)
(inputenc)                not set up for use with LaTeX.

See the inputenc package documentation for explanation.
Type  H <return>  for immediate help.
 ...                                              
                                                  
l.9             å…¶ä¸­æ–‡
                         ä»¶åä¸ºdataset\_TSMC2014\_NYC.txtæ˜¯çº½çº¦å¸‚çš„ç...

You may provide a definition with
\DeclareUnicodeCharacter 


./Data Description and Network Construction.tex:9: Package inputenc Error: Unic
ode character ä»¶ (U+4EF6)
(inputenc)                not set up for use with LaTeX.

See the inputenc package documentation for explanation.
Type  H <return>  for immediate help.
 ...                                              
                                                  
l.9             å…¶ä¸­æ–‡ä»¶
                            åä¸ºdataset\_TSMC2014\_NYC.txtæ˜¯çº½çº¦å¸‚çš„ç...

You may provide a definition with
\DeclareUnicodeCharacter 


./Data Description and Network Construction.tex:9: Package inputenc Error: Unic
ode character å (U+540D)
(inputenc)                not set up for use with LaTeX.

See the inputenc package documentation for explanation.
Type  H <return>  for immediate help.
 ...                                              
                                                  
l.9             å…¶ä¸­æ–‡ä»¶å
                               ä¸ºdataset\_TSMC2014\_NYC.txtæ˜¯çº½çº¦å¸‚çš„ç...

You may provide a definition with
\DeclareUnicodeCharacter 


./Data Description and Network Construction.tex:9: Package inputenc Error: Unic
ode character ä¸º (U+4E3A)
(inputenc)                not set up for use with LaTeX.

See the inputenc package documentation for explanation.
Type  H <return>  for immediate help.
 ...                                              
                                                  
l.9             å…¶ä¸­æ–‡ä»¶åä¸º
                                  dataset\_TSMC2014\_NYC.txtæ˜¯çº½çº¦å¸‚çš„ç...

You may provide a definition with
\DeclareUnicodeCharacter 

Missing character: There is no d in font nullfont!
Missing character: There is no a in font nullfont!
Missing character: There is no t in font nullfont!
Missing character: There is no a in font nullfont!
Missing character: There is no s in font nullfont!
Missing character: There is no e in font nullfont!
Missing character: There is no t in font nullfont!
Missing character: There is no T in font nullfont!
Missing character: There is no S in font nullfont!
Missing character: There is no M in font nullfont!
Missing character: There is no C in font nullfont!
Missing character: There is no 2 in font nullfont!
Missing character: There is no 0 in font nullfont!
Missing character: There is no 1 in font nullfont!
Missing character: There is no 4 in font nullfont!
Missing character: There is no N in font nullfont!
Missing character: There is no Y in font nullfont!
Missing character: There is no C in font nullfont!
Missing character: There is no . in font nullfont!
Missing character: There is no t in font nullfont!
Missing character: There is no x in font nullfont!
Missing character: There is no t in font nullfont!

./Data Description and Network Construction.tex:9: Package inputenc Error: Unic
ode character æ˜¯ (U+662F)
(inputenc)                not set up for use with LaTeX.

See the inputenc package documentation for explanation.
Type  H <return>  for immediate help.
 ...                                              
                                                  
l.9 ...¸­æ–‡ä»¶åä¸ºdataset\_TSMC2014\_NYC.txtæ˜¯
                                                  çº½çº¦å¸‚çš„ç­¾å…¥æ•°æ®ï¼...

You may provide a definition with
\DeclareUnicodeCharacter 


./Data Description and Network Construction.tex:9: Package inputenc Error: Unic
ode character çº½ (U+7EBD)
(inputenc)                not set up for use with LaTeX.

See the inputenc package documentation for explanation.
Type  H <return>  for immediate help.
 ...                                              
                                                  
l.9 ...–‡ä»¶åä¸ºdataset\_TSMC2014\_NYC.txtæ˜¯çº½
                                                  çº¦å¸‚çš„ç­¾å…¥æ•°æ®ï¼Œä¸...

You may provide a definition with
\DeclareUnicodeCharacter 


./Data Description and Network Construction.tex:9: Package inputenc Error: Unic
ode character çº¦ (U+7EA6)
(inputenc)                not set up for use with LaTeX.

See the inputenc package documentation for explanation.
Type  H <return>  for immediate help.
 ...                                              
                                                  
l.9 ...»¶åä¸ºdataset\_TSMC2014\_NYC.txtæ˜¯çº½çº¦
                                                  å¸‚çš„ç­¾å…¥æ•°æ®ï¼Œä¸€å…...

You may provide a definition with
\DeclareUnicodeCharacter 


./Data Description and Network Construction.tex:9: Package inputenc Error: Unic
ode character å¸‚ (U+5E02)
(inputenc)                not set up for use with LaTeX.

See the inputenc package documentation for explanation.
Type  H <return>  for immediate help.
 ...                                              
                                                  
l.9 ...ä¸ºdataset\_TSMC2014\_NYC.txtæ˜¯çº½çº¦å¸‚
                                                  çš„ç­¾å…¥æ•°æ®ï¼Œä¸€å…±22...

You may provide a definition with
\DeclareUnicodeCharacter 


./Data Description and Network Construction.tex:9: Package inputenc Error: Unic
ode character çš„ (U+7684)
(inputenc)                not set up for use with LaTeX.

See the inputenc package documentation for explanation.
Type  H <return>  for immediate help.
 ...                                              
                                                  
l.9 ...¸ºdataset\_TSMC2014\_NYC.txtæ˜¯çº½çº¦å¸‚çš„
                                                  ç­¾å…¥æ•°æ®ï¼Œä¸€å…±22742...

You may provide a definition with
\DeclareUnicodeCharacter 


./Data Description and Network Construction.tex:9: Package inputenc Error: Unic
ode character ç­¾ (U+7B7E)
(inputenc)                not set up for use with LaTeX.

See the inputenc package documentation for explanation.
Type  H <return>  for immediate help.
 ...                                              
                                                  
l.9 ...ataset\_TSMC2014\_NYC.txtæ˜¯çº½çº¦å¸‚çš„ç­¾
                                                  å…¥æ•°æ®ï¼Œä¸€å…±227428è¡...

You may provide a definition with
\DeclareUnicodeCharacter 


./Data Description and Network Construction.tex:9: Package inputenc Error: Unic
ode character å…¥ (U+5165)
(inputenc)                not set up for use with LaTeX.

See the inputenc package documentation for explanation.
Type  H <return>  for immediate help.
 ...                                              
                                                  
l.9 ...set\_TSMC2014\_NYC.txtæ˜¯çº½çº¦å¸‚çš„ç­¾å…¥
                                                  æ•°æ®ï¼Œä¸€å…±227428è¡Œï¼Œ
You may provide a definition with
\DeclareUnicodeCharacter 


./Data Description and Network Construction.tex:9: Package inputenc Error: Unic
ode character æ•° (U+6570)
(inputenc)                not set up for use with LaTeX.

See the inputenc package documentation for explanation.
Type  H <return>  for immediate help.
 ...                                              
                                                  
l.9 ...\_TSMC2014\_NYC.txtæ˜¯çº½çº¦å¸‚çš„ç­¾å…¥æ•°
                                                  æ®ï¼Œä¸€å…±227428è¡Œï¼Œ
You may provide a definition with
\DeclareUnicodeCharacter 


./Data Description and Network Construction.tex:9: Package inputenc Error: Unic
ode character æ® (U+636E)
(inputenc)                not set up for use with LaTeX.

See the inputenc package documentation for explanation.
Type  H <return>  for immediate help.
 ...                                              
                                                  
l.9 ...SMC2014\_NYC.txtæ˜¯çº½çº¦å¸‚çš„ç­¾å…¥æ•°æ®
                                                  ï¼Œä¸€å…±227428è¡Œï¼Œ
You may provide a definition with
\DeclareUnicodeCharacter 


./Data Description and Network Construction.tex:9: Package inputenc Error: Unic
ode character ï¼Œ (U+FF0C)
(inputenc)                not set up for use with LaTeX.

See the inputenc package documentation for explanation.
Type  H <return>  for immediate help.
 ...                                              
                                                  
l.9 ...2014\_NYC.txtæ˜¯çº½çº¦å¸‚çš„ç­¾å…¥æ•°æ®ï¼Œ
                                                  ä¸€å…±227428è¡Œï¼Œ
You may provide a definition with
\DeclareUnicodeCharacter 


./Data Description and Network Construction.tex:9: Package inputenc Error: Unic
ode character ä¸€ (U+4E00)
(inputenc)                not set up for use with LaTeX.

See the inputenc package documentation for explanation.
Type  H <return>  for immediate help.
 ...                                              
                                                  
l.9 ...4\_NYC.txtæ˜¯çº½çº¦å¸‚çš„ç­¾å…¥æ•°æ®ï¼Œä¸€
                                                  å…±227428è¡Œï¼Œ
You may provide a definition with
\DeclareUnicodeCharacter 


./Data Description and Network Construction.tex:9: Package inputenc Error: Unic
ode character å…± (U+5171)
(inputenc)                not set up for use with LaTeX.

See the inputenc package documentation for explanation.
Type  H <return>  for immediate help.
 ...                                              
                                                  
l.9 ...NYC.txtæ˜¯çº½çº¦å¸‚çš„ç­¾å…¥æ•°æ®ï¼Œä¸€å…±
                                                  227428è¡Œï¼Œ
You may provide a definition with
\DeclareUnicodeCharacter 

Missing character: There is no 2 in font nullfont!
Missing character: There is no 2 in font nullfont!
Missing character: There is no 7 in font nullfont!
Missing character: There is no 4 in font nullfont!
Missing character: There is no 2 in font nullfont!
Missing character: There is no 8 in font nullfont!

./Data Description and Network Construction.tex:9: Package inputenc Error: Unic
ode character è¡Œ (U+884C)
(inputenc)                not set up for use with LaTeX.

See the inputenc package documentation for explanation.
Type  H <return>  for immediate help.
 ...                                              
                                                  
l.9 ...¯çº½çº¦å¸‚çš„ç­¾å…¥æ•°æ®ï¼Œä¸€å…±227428è¡Œ
                                                  ï¼Œ
You may provide a definition with
\DeclareUnicodeCharacter 


./Data Description and Network Construction.tex:9: Package inputenc Error: Unic
ode character ï¼Œ (U+FF0C)
(inputenc)                not set up for use with LaTeX.

See the inputenc package documentation for explanation.
Type  H <return>  for immediate help.
 ...                                              
                                                  
l.9 ...½çº¦å¸‚çš„ç­¾å…¥æ•°æ®ï¼Œä¸€å…±227428è¡Œï¼Œ
                                                  
You may provide a definition with
\DeclareUnicodeCharacter 


./Data Description and Network Construction.tex:10: Package inputenc Error: Uni
code character æ–‡ (U+6587)
(inputenc)                not set up for use with LaTeX.

See the inputenc package documentation for explanation.
Type  H <return>  for immediate help.
 ...                                              
                                                  
l.10             æ–‡
                    ä»¶åä¸ºdataset\_TSMC2014\_TKY.txtæ˜¯ä¸œäº¬çš„ç­¾å…¥æ•°...

You may provide a definition with
\DeclareUnicodeCharacter 


./Data Description and Network Construction.tex:10: Package inputenc Error: Uni
code character ä»¶ (U+4EF6)
(inputenc)                not set up for use with LaTeX.

See the inputenc package documentation for explanation.
Type  H <return>  for immediate help.
 ...                                              
                                                  
l.10             æ–‡ä»¶
                       åä¸ºdataset\_TSMC2014\_TKY.txtæ˜¯ä¸œäº¬çš„ç­¾å…¥æ•°...

You may provide a definition with
\DeclareUnicodeCharacter 


./Data Description and Network Construction.tex:10: Package inputenc Error: Uni
code character å (U+540D)
(inputenc)                not set up for use with LaTeX.

See the inputenc package documentation for explanation.
Type  H <return>  for immediate help.
 ...                                              
                                                  
l.10             æ–‡ä»¶å
                          ä¸ºdataset\_TSMC2014\_TKY.txtæ˜¯ä¸œäº¬çš„ç­¾å…¥æ•°...

You may provide a definition with
\DeclareUnicodeCharacter 


./Data Description and Network Construction.tex:10: Package inputenc Error: Uni
code character ä¸º (U+4E3A)
(inputenc)                not set up for use with LaTeX.

See the inputenc package documentation for explanation.
Type  H <return>  for immediate help.
 ...                                              
                                                  
l.10             æ–‡ä»¶åä¸º
                             dataset\_TSMC2014\_TKY.txtæ˜¯ä¸œäº¬çš„ç­¾å…¥æ•°...

You may provide a definition with
\DeclareUnicodeCharacter 

Missing character: There is no d in font nullfont!
Missing character: There is no a in font nullfont!
Missing character: There is no t in font nullfont!
Missing character: There is no a in font nullfont!
Missing character: There is no s in font nullfont!
Missing character: There is no e in font nullfont!
Missing character: There is no t in font nullfont!
Missing character: There is no T in font nullfont!
Missing character: There is no S in font nullfont!
Missing character: There is no M in font nullfont!
Missing character: There is no C in font nullfont!
Missing character: There is no 2 in font nullfont!
Missing character: There is no 0 in font nullfont!
Missing character: There is no 1 in font nullfont!
Missing character: There is no 4 in font nullfont!
Missing character: There is no T in font nullfont!
Missing character: There is no K in font nullfont!
Missing character: There is no Y in font nullfont!
Missing character: There is no . in font nullfont!
Missing character: There is no t in font nullfont!
Missing character: There is no x in font nullfont!
Missing character: There is no t in font nullfont!

./Data Description and Network Construction.tex:10: Package inputenc Error: Uni
code character æ˜¯ (U+662F)
(inputenc)                not set up for use with LaTeX.

See the inputenc package documentation for explanation.
Type  H <return>  for immediate help.
 ...                                              
                                                  
l.10 ... æ–‡ä»¶åä¸ºdataset\_TSMC2014\_TKY.txtæ˜¯
                                                  ä¸œäº¬çš„ç­¾å…¥æ•°æ®ï¼Œä¸...

You may provide a definition with
\DeclareUnicodeCharacter 


./Data Description and Network Construction.tex:10: Package inputenc Error: Uni
code character ä¸œ (U+4E1C)
(inputenc)                not set up for use with LaTeX.

See the inputenc package documentation for explanation.
Type  H <return>  for immediate help.
 ...                                              
                                                  
l.10 ...‡ä»¶åä¸ºdataset\_TSMC2014\_TKY.txtæ˜¯ä¸œ
                                                  äº¬çš„ç­¾å…¥æ•°æ®ï¼Œä¸€å…...

You may provide a definition with
\DeclareUnicodeCharacter 


./Data Description and Network Construction.tex:10: Package inputenc Error: Uni
code character äº¬ (U+4EAC)
(inputenc)                not set up for use with LaTeX.

See the inputenc package documentation for explanation.
Type  H <return>  for immediate help.
 ...                                              
                                                  
l.10 ...¶åä¸ºdataset\_TSMC2014\_TKY.txtæ˜¯ä¸œäº¬
                                                  çš„ç­¾å…¥æ•°æ®ï¼Œä¸€å…±57...

You may provide a definition with
\DeclareUnicodeCharacter 


./Data Description and Network Construction.tex:10: Package inputenc Error: Uni
code character çš„ (U+7684)
(inputenc)                not set up for use with LaTeX.

See the inputenc package documentation for explanation.
Type  H <return>  for immediate help.
 ...                                              
                                                  
l.10 ...ä¸ºdataset\_TSMC2014\_TKY.txtæ˜¯ä¸œäº¬çš„
                                                  ç­¾å…¥æ•°æ®ï¼Œä¸€å…±57370...

You may provide a definition with
\DeclareUnicodeCharacter 


./Data Description and Network Construction.tex:10: Package inputenc Error: Uni
code character ç­¾ (U+7B7E)
(inputenc)                not set up for use with LaTeX.

See the inputenc package documentation for explanation.
Type  H <return>  for immediate help.
 ...                                              
                                                  
l.10 ...ºdataset\_TSMC2014\_TKY.txtæ˜¯ä¸œäº¬çš„ç­¾
                                                  å…¥æ•°æ®ï¼Œä¸€å…±573703è¡...

You may provide a definition with
\DeclareUnicodeCharacter 


./Data Description and Network Construction.tex:10: Package inputenc Error: Uni
code character å…¥ (U+5165)
(inputenc)                not set up for use with LaTeX.

See the inputenc package documentation for explanation.
Type  H <return>  for immediate help.
 ...                                              
                                                  
l.10 ...taset\_TSMC2014\_TKY.txtæ˜¯ä¸œäº¬çš„ç­¾å…¥
                                                  æ•°æ®ï¼Œä¸€å…±573703è¡Œã€‚
You may provide a definition with
\DeclareUnicodeCharacter 


./Data Description and Network Construction.tex:10: Package inputenc Error: Uni
code character æ•° (U+6570)
(inputenc)                not set up for use with LaTeX.

See the inputenc package documentation for explanation.
Type  H <return>  for immediate help.
 ...                                              
                                                  
l.10 ...et\_TSMC2014\_TKY.txtæ˜¯ä¸œäº¬çš„ç­¾å…¥æ•°
                                                  æ®ï¼Œä¸€å…±573703è¡Œã€‚
You may provide a definition with
\DeclareUnicodeCharacter 


./Data Description and Network Construction.tex:10: Package inputenc Error: Uni
code character æ® (U+636E)
(inputenc)                not set up for use with LaTeX.

See the inputenc package documentation for explanation.
Type  H <return>  for immediate help.
 ...                                              
                                                  
l.10 ..._TSMC2014\_TKY.txtæ˜¯ä¸œäº¬çš„ç­¾å…¥æ•°æ®
                                                  ï¼Œä¸€å…±573703è¡Œã€‚
You may provide a definition with
\DeclareUnicodeCharacter 


./Data Description and Network Construction.tex:10: Package inputenc Error: Uni
code character ï¼Œ (U+FF0C)
(inputenc)                not set up for use with LaTeX.

See the inputenc package documentation for explanation.
Type  H <return>  for immediate help.
 ...                                              
                                                  
l.10 ...MC2014\_TKY.txtæ˜¯ä¸œäº¬çš„ç­¾å…¥æ•°æ®ï¼Œ
                                                  ä¸€å…±573703è¡Œã€‚
You may provide a definition with
\DeclareUnicodeCharacter 


./Data Description and Network Construction.tex:10: Package inputenc Error: Uni
code character ä¸€ (U+4E00)
(inputenc)                not set up for use with LaTeX.

See the inputenc package documentation for explanation.
Type  H <return>  for immediate help.
 ...                                              
                                                  
l.10 ...014\_TKY.txtæ˜¯ä¸œäº¬çš„ç­¾å…¥æ•°æ®ï¼Œä¸€
                                                  å…±573703è¡Œã€‚
You may provide a definition with
\DeclareUnicodeCharacter 


./Data Description and Network Construction.tex:10: Package inputenc Error: Uni
code character å…± (U+5171)
(inputenc)                not set up for use with LaTeX.

See the inputenc package documentation for explanation.
Type  H <return>  for immediate help.
 ...                                              
                                                  
l.10 ...\_TKY.txtæ˜¯ä¸œäº¬çš„ç­¾å…¥æ•°æ®ï¼Œä¸€å…±
                                                  573703è¡Œã€‚
You may provide a definition with
\DeclareUnicodeCharacter 

Missing character: There is no 5 in font nullfont!
Missing character: There is no 7 in font nullfont!
Missing character: There is no 3 in font nullfont!
Missing character: There is no 7 in font nullfont!
Missing character: There is no 0 in font nullfont!
Missing character: There is no 3 in font nullfont!

./Data Description and Network Construction.tex:10: Package inputenc Error: Uni
code character è¡Œ (U+884C)
(inputenc)                not set up for use with LaTeX.

See the inputenc package documentation for explanation.
Type  H <return>  for immediate help.
 ...                                              
                                                  
l.10 ...æ˜¯ä¸œäº¬çš„ç­¾å…¥æ•°æ®ï¼Œä¸€å…±573703è¡Œ
                                                  ã€‚
You may provide a definition with
\DeclareUnicodeCharacter 


./Data Description and Network Construction.tex:10: Package inputenc Error: Uni
code character ã€‚ (U+3002)
(inputenc)                not set up for use with LaTeX.

See the inputenc package documentation for explanation.
Type  H <return>  for immediate help.
 ...                                              
                                                  
l.10 ...ä¸œäº¬çš„ç­¾å…¥æ•°æ®ï¼Œä¸€å…±573703è¡Œã€‚
                                                  
You may provide a definition with
\DeclareUnicodeCharacter 


./Data Description and Network Construction.tex:11: Package inputenc Error: Uni
code character åœ° (U+5730)
(inputenc)                not set up for use with LaTeX.

See the inputenc package documentation for explanation.
Type  H <return>  for immediate help.
 ...                                              
                                                  
l.11             åœ°
                    åŒºåç§»é‡çš„è¯¥åœ°åŒºï¼ˆçº½çº¦å¸‚æˆ–ä¸œäº¬ï¼‰ï¼Œä¸UT...

You may provide a definition with
\DeclareUnicodeCharacter 


./Data Description and Network Construction.tex:11: Package inputenc Error: Uni
code character åŒº (U+533A)
(inputenc)                not set up for use with LaTeX.

See the inputenc package documentation for explanation.
Type  H <return>  for immediate help.
 ...                                              
                                                  
l.11             åœ°åŒº
                       åç§»é‡çš„è¯¥åœ°åŒºï¼ˆçº½çº¦å¸‚æˆ–ä¸œäº¬ï¼‰ï¼Œä¸UT...

You may provide a definition with
\DeclareUnicodeCharacter 


./Data Description and Network Construction.tex:11: Package inputenc Error: Uni
code character å (U+504F)
(inputenc)                not set up for use with LaTeX.

See the inputenc package documentation for explanation.
Type  H <return>  for immediate help.
 ...                                              
                                                  
l.11             åœ°åŒºå
                          ç§»é‡çš„è¯¥åœ°åŒºï¼ˆçº½çº¦å¸‚æˆ–ä¸œäº¬ï¼‰ï¼Œä¸UT...

You may provide a definition with
\DeclareUnicodeCharacter 


./Data Description and Network Construction.tex:11: Package inputenc Error: Uni
code character ç§» (U+79FB)
(inputenc)                not set up for use with LaTeX.

See the inputenc package documentation for explanation.
Type  H <return>  for immediate help.
 ...                                              
                                                  
l.11             åœ°åŒºåç§»
                             é‡çš„è¯¥åœ°åŒºï¼ˆçº½çº¦å¸‚æˆ–ä¸œäº¬ï¼‰ï¼Œä¸UT...

You may provide a definition with
\DeclareUnicodeCharacter 


./Data Description and Network Construction.tex:11: Package inputenc Error: Uni
code character é‡ (U+91CF)
(inputenc)                not set up for use with LaTeX.

See the inputenc package documentation for explanation.
Type  H <return>  for immediate help.
 ...                                              
                                                  
l.11             åœ°åŒºåç§»é‡
                                çš„è¯¥åœ°åŒºï¼ˆçº½çº¦å¸‚æˆ–ä¸œäº¬ï¼‰ï¼Œä¸UT...

You may provide a definition with
\DeclareUnicodeCharacter 


./Data Description and Network Construction.tex:11: Package inputenc Error: Uni
code character çš„ (U+7684)
(inputenc)                not set up for use with LaTeX.

See the inputenc package documentation for explanation.
Type  H <return>  for immediate help.
 ...                                              
                                                  
l.11             åœ°åŒºåç§»é‡çš„
                                   è¯¥åœ°åŒºï¼ˆçº½çº¦å¸‚æˆ–ä¸œäº¬ï¼‰ï¼Œä¸UT...

You may provide a definition with
\DeclareUnicodeCharacter 


./Data Description and Network Construction.tex:11: Package inputenc Error: Uni
code character è¯¥ (U+8BE5)
(inputenc)                not set up for use with LaTeX.

See the inputenc package documentation for explanation.
Type  H <return>  for immediate help.
 ...                                              
                                                  
l.11             åœ°åŒºåç§»é‡çš„è¯¥
                                      åœ°åŒºï¼ˆçº½çº¦å¸‚æˆ–ä¸œäº¬ï¼‰ï¼Œä¸UT...
(That makes 100 errors; please try again.) 
Here is how much of TeX's memory you used:
 72 strings out of 480608
 1113 string characters out of 5907535
 239604 words of memory out of 5000000
 16063 multiletter control sequences out of 15000+600000
 532338 words of font info for 24 fonts, out of 8000000 for 9000
 1141 hyphenation exceptions out of 8191
 12i,1n,15p,246b,27s stack positions out of 5000i,500n,10000p,200000b,80000s

./Data Description and Network Construction.tex:11:  ==> Fatal error occurred, 
no output PDF file produced!
